<?xml version="1.0" encoding="UTF-8"?>
<!-- Generated by org.testng.reporters.JUnitXMLReporter -->
<testsuite ignored="0" hostname="DESKTOP-MQ2OVQS" failures="1" tests="1" name="LoginPage.ForgotPasswordTest Test" time="12.965" errors="0" timestamp="2022-06-13T19:41:05 IST">
  <testcase classname="LoginPage.ForgotPasswordTest" name="forgotpasswordValidation" time="1.878">
    <failure type="java.lang.AssertionError" message="expected [false] but found [true]">
      <![CDATA[java.lang.AssertionError: expected [false] but found [true]
at LoginPage.ForgotPasswordTest.forgotpasswordValidation(ForgotPasswordTest.java:47)
at java.base/java.util.ArrayList.forEach(ArrayList.java:1511)
at java.base/java.util.concurrent.FutureTask.run(FutureTask.java:264)
at java.base/java.util.concurrent.ThreadPoolExecutor.runWorker(ThreadPoolExecutor.java:1136)
at java.base/java.util.concurrent.ThreadPoolExecutor$Worker.run(ThreadPoolExecutor.java:635)
at java.base/java.lang.Thread.run(Thread.java:833)
... Removed 24 stack frames]]>
    </failure>
  </testcase> <!-- forgotpasswordValidation -->
</testsuite> <!-- LoginPage.ForgotPasswordTest Test -->
